#
# There is insufficient memory for the Java Runtime Environment to continue.
# Native memory allocation (malloc) failed to allocate 1463856 bytes for Chunk::new
# Possible reasons:
#   The system is out of physical RAM or swap space
#   The process is running with CompressedOops enabled, and the Java Heap may be blocking the growth of the native heap
# Possible solutions:
#   Reduce memory load on the system
#   Increase physical memory or swap space
#   Check if swap backing store is full
#   Decrease Java heap size (-Xmx/-Xms)
#   Decrease number of Java threads
#   Decrease Java thread stack sizes (-Xss)
#   Set larger code cache with -XX:ReservedCodeCacheSize=
#   JVM is running with Zero Based Compressed Oops mode in which the Java heap is
#     placed in the first 32GB address space. The Java Heap base address is the
#     maximum limit for the native heap growth. Please use -XX:HeapBaseMinAddress
#     to set the Java Heap base and to place the Java Heap above 32GB virtual address.
# This output file may be truncated or incomplete.
#
#  Out of Memory Error (allocation.cpp:389), pid=39456, tid=0x0000000000001138
#
# JRE version: Java(TM) SE Runtime Environment (8.0_221-b11) (build 1.8.0_221-b11)
# Java VM: Java HotSpot(TM) 64-Bit Server VM (25.221-b11 mixed mode windows-amd64 compressed oops)
# Failed to write core dump. Minidumps are not enabled by default on client versions of Windows
#

---------------  T H R E A D  ---------------

Current thread (0x000000001ed93000):  JavaThread "C2 CompilerThread0" daemon [_thread_in_native, id=4408, stack(0x0000000020330000,0x0000000020430000)]

Stack: [0x0000000020330000,0x0000000020430000]
[error occurred during error reporting (printing stack bounds), id 0xc0000005]

Native frames: (J=compiled Java code, j=interpreted, Vv=VM code, C=native code)


Current CompileTask:
C2:   7526 3460       4       org.springframework.core.ResolvableType::as (86 bytes)


---------------  P R O C E S S  ---------------

Java Threads: ( => current thread )
  0x0000000020f37000 JavaThread "AsyncAppender-Worker-async_info_log" daemon [_thread_blocked, id=9412, stack(0x00000000240b0000,0x00000000241b0000)]
  0x0000000020f2f000 JavaThread "logback-3" daemon [_thread_blocked, id=36300, stack(0x0000000023fb0000,0x00000000240b0000)]
  0x0000000020f2c000 JavaThread "logback-2" daemon [_thread_blocked, id=42488, stack(0x0000000023eb0000,0x0000000023fb0000)]
  0x00000000210f9000 JavaThread "logback-1" daemon [_thread_blocked, id=19068, stack(0x0000000023780000,0x0000000023880000)]
  0x000000001eda0000 JavaThread "Service Thread" daemon [_thread_blocked, id=30596, stack(0x0000000020730000,0x0000000020830000)]
  0x000000001ed9a800 JavaThread "C1 CompilerThread3" daemon [_thread_blocked, id=42340, stack(0x0000000020630000,0x0000000020730000)]
  0x000000001ed97800 JavaThread "C2 CompilerThread2" daemon [_thread_in_native, id=22584, stack(0x0000000020530000,0x0000000020630000)]
  0x000000001ed97000 JavaThread "C2 CompilerThread1" daemon [_thread_in_native, id=42356, stack(0x0000000020430000,0x0000000020530000)]
=>0x000000001ed93000 JavaThread "C2 CompilerThread0" daemon [_thread_in_native, id=4408, stack(0x0000000020330000,0x0000000020430000)]
  0x000000001ed85800 JavaThread "Monitor Ctrl-Break" daemon [_thread_in_native, id=34532, stack(0x0000000020230000,0x0000000020330000)]
  0x000000001ed41000 JavaThread "Attach Listener" daemon [_thread_blocked, id=23596, stack(0x0000000020130000,0x0000000020230000)]
  0x000000001ecea000 JavaThread "Signal Dispatcher" daemon [_thread_blocked, id=39040, stack(0x0000000020030000,0x0000000020130000)]
  0x000000001d5f6800 JavaThread "Finalizer" daemon [_thread_blocked, id=18024, stack(0x000000001ff30000,0x0000000020030000)]
  0x000000001d5f0800 JavaThread "Reference Handler" daemon [_thread_blocked, id=40712, stack(0x000000001fe30000,0x000000001ff30000)]
  0x00000000037cc000 JavaThread "main" [_thread_in_native, id=24032, stack(0x00000000035e0000,0x00000000036e0000)]

Other Threads:
  0x000000001eca2800 VMThread [stack: 0x000000001fd30000,0x000000001fe30000] [id=29504]
  0x000000001ee7a800 WatcherThread [stack: 0x0000000020830000,0x0000000020930000] [id=26944]

VM state:not at safepoint (normal execution)

VM Mutex/Monitor currently owned by a thread: None

heap address: 0x00000006c2000000, size: 4064 MB, Compressed Oops mode: Zero based, Oop shift amount: 3
Narrow klass base: 0x0000000000000000, Narrow klass shift: 3
Compressed class space size: 1073741824 Address: 0x00000007c0000000

Heap:
 PSYoungGen      total 200704K, used 119564K [0x000000076b580000, 0x0000000779280000, 0x00000007c0000000)
  eden space 189952K, 62% used [0x000000076b580000,0x0000000772a433a8,0x0000000776f00000)
  from space 10752K, 0% used [0x0000000777900000,0x0000000777900000,0x0000000778380000)
  to   space 10240K, 0% used [0x0000000776f00000,0x0000000776f00000,0x0000000777900000)
 ParOldGen       total 131072K, used 12587K [0x00000006c2000000, 0x00000006ca000000, 0x000000076b580000)
  object space 131072K, 9% used [0x00000006c2000000,0x00000006c2c4af28,0x00000006ca000000)
 Metaspace       used 37223K, capacity 39644K, committed 39808K, reserved 1083392K
  class space    used 4944K, capacity 5386K, committed 5504K, reserved 1048576K

Card table byte_map: [0x0000000012dc0000,0x00000000135c0000] byte_map_base: 0x000000000f7b0000

Marking Bits: (ParMarkBitMap*) 0x0000000073375ce0
 Begin Bits: [0x0000000014510000, 0x0000000018490000)
 End Bits:   [0x0000000018490000, 0x000000001c410000)

Polling page: 0x0000000001440000

CodeCache: size=245760Kb used=12877Kb max_used=12877Kb free=232882Kb
 bounds [0x0000000003a00000, 0x00000000046a0000, 0x0000000012a00000]
 total_blobs=4028 nmethods=3593 adapters=347
 compilation: enabled

Compilation events (10 events):
Event: 7.511 Thread 0x000000001ed9a800 nmethod 3601 0x000000000468b910 code [0x000000000468ba80, 0x000000000468bc88]
Event: 7.515 Thread 0x000000001ed9a800 3602       3       org.springframework.core.annotation.MergedAnnotationCollectors$$Lambda$304/1233990028::get (8 bytes)
Event: 7.516 Thread 0x000000001ed9a800 nmethod 3602 0x000000000468af90 code [0x000000000468b160, 0x000000000468b628]
Event: 7.516 Thread 0x000000001ed9a800 3603       3       org.springframework.scheduling.annotation.ScheduledAnnotationBeanPostProcessor$$Lambda$686/295466076::inspect (5 bytes)
Event: 7.517 Thread 0x000000001ed9a800 nmethod 3603 0x0000000004690750 code [0x00000000046909c0, 0x0000000004691818]
Event: 7.517 Thread 0x000000001ed9a800 3604       3       org.springframework.scheduling.annotation.ScheduledAnnotationBeanPostProcessor::lambda$postProcessAfterInitialization$0 (24 bytes)
Event: 7.518 Thread 0x000000001ed9a800 nmethod 3604 0x00000000046921d0 code [0x0000000004692440, 0x0000000004693218]
Event: 7.518 Thread 0x000000001ed9a800 3605       3       org.springframework.core.annotation.AnnotatedElementUtils::getMergedRepeatableAnnotations (24 bytes)
Event: 7.519 Thread 0x000000001ed9a800 nmethod 3605 0x0000000004693a50 code [0x0000000004693cc0, 0x0000000004694a58]
Event: 7.519 Thread 0x000000001ed9a800 3606       3       org.springframework.core.annotation.AnnotatedElementUtils::getRepeatableAnnotations (15 bytes)

GC Heap History (10 events):
Event: 3.146 GC heap before
{Heap before GC invocations=4 (full 1):
 PSYoungGen      total 75776K, used 6050K [0x000000076b580000, 0x0000000774980000, 0x00000007c0000000)
  eden space 65024K, 0% used [0x000000076b580000,0x000000076b580000,0x000000076f500000)
  from space 10752K, 56% used [0x000000076f500000,0x000000076fae8b30,0x000000076ff80000)
  to   space 10752K, 0% used [0x0000000773f00000,0x0000000773f00000,0x0000000774980000)
 ParOldGen       total 173568K, used 96K [0x00000006c2000000, 0x00000006cc980000, 0x000000076b580000)
  object space 173568K, 0% used [0x00000006c2000000,0x00000006c2018010,0x00000006cc980000)
 Metaspace       used 19693K, capacity 21170K, committed 21296K, reserved 1067008K
  class space    used 2597K, capacity 2885K, committed 2944K, reserved 1048576K
Event: 3.181 GC heap after
Heap after GC invocations=4 (full 1):
 PSYoungGen      total 75776K, used 0K [0x000000076b580000, 0x0000000774980000, 0x00000007c0000000)
  eden space 65024K, 0% used [0x000000076b580000,0x000000076b580000,0x000000076f500000)
  from space 10752K, 0% used [0x000000076f500000,0x000000076f500000,0x000000076ff80000)
  to   space 10752K, 0% used [0x0000000773f00000,0x0000000773f00000,0x0000000774980000)
 ParOldGen       total 89088K, used 5968K [0x00000006c2000000, 0x00000006c7700000, 0x000000076b580000)
  object space 89088K, 6% used [0x00000006c2000000,0x00000006c25d40c0,0x00000006c7700000)
 Metaspace       used 19693K, capacity 21170K, committed 21296K, reserved 1067008K
  class space    used 2597K, capacity 2885K, committed 2944K, reserved 1048576K
}
Event: 3.903 GC heap before
{Heap before GC invocations=5 (full 1):
 PSYoungGen      total 75776K, used 65024K [0x000000076b580000, 0x0000000774980000, 0x00000007c0000000)
  eden space 65024K, 100% used [0x000000076b580000,0x000000076f500000,0x000000076f500000)
  from space 10752K, 0% used [0x000000076f500000,0x000000076f500000,0x000000076ff80000)
  to   space 10752K, 0% used [0x0000000773f00000,0x0000000773f00000,0x0000000774980000)
 ParOldGen       total 89088K, used 5968K [0x00000006c2000000, 0x00000006c7700000, 0x000000076b580000)
  object space 89088K, 6% used [0x00000006c2000000,0x00000006c25d40c0,0x00000006c7700000)
 Metaspace       used 25227K, capacity 26914K, committed 27264K, reserved 1073152K
  class space    used 3303K, capacity 3623K, committed 3712K, reserved 1048576K
Event: 3.925 GC heap after
Heap after GC invocations=5 (full 1):
 PSYoungGen      total 119296K, used 6207K [0x000000076b580000, 0x0000000774580000, 0x00000007c0000000)
  eden space 112640K, 0% used [0x000000076b580000,0x000000076b580000,0x0000000772380000)
  from space 6656K, 93% used [0x0000000773f00000,0x000000077450fea0,0x0000000774580000)
  to   space 10752K, 0% used [0x0000000773080000,0x0000000773080000,0x0000000773b00000)
 ParOldGen       total 89088K, used 5976K [0x00000006c2000000, 0x00000006c7700000, 0x000000076b580000)
  object space 89088K, 6% used [0x00000006c2000000,0x00000006c25d60c0,0x00000006c7700000)
 Metaspace       used 25227K, capacity 26914K, committed 27264K, reserved 1073152K
  class space    used 3303K, capacity 3623K, committed 3712K, reserved 1048576K
}
Event: 5.553 GC heap before
{Heap before GC invocations=6 (full 1):
 PSYoungGen      total 119296K, used 118847K [0x000000076b580000, 0x0000000774580000, 0x00000007c0000000)
  eden space 112640K, 100% used [0x000000076b580000,0x0000000772380000,0x0000000772380000)
  from space 6656K, 93% used [0x0000000773f00000,0x000000077450fea0,0x0000000774580000)
  to   space 10752K, 0% used [0x0000000773080000,0x0000000773080000,0x0000000773b00000)
 ParOldGen       total 89088K, used 5976K [0x00000006c2000000, 0x00000006c7700000, 0x000000076b580000)
  object space 89088K, 6% used [0x00000006c2000000,0x00000006c25d60c0,0x00000006c7700000)
 Metaspace       used 30598K, capacity 32644K, committed 32768K, reserved 1077248K
  class space    used 3972K, capacity 4336K, committed 4352K, reserved 1048576K
Event: 5.560 GC heap after
Heap after GC invocations=6 (full 1):
 PSYoungGen      total 136704K, used 9443K [0x000000076b580000, 0x0000000778380000, 0x00000007c0000000)
  eden space 125952K, 0% used [0x000000076b580000,0x000000076b580000,0x0000000773080000)
  from space 10752K, 87% used [0x0000000773080000,0x00000007739b8e10,0x0000000773b00000)
  to   space 10752K, 0% used [0x0000000777900000,0x0000000777900000,0x0000000778380000)
 ParOldGen       total 89088K, used 5984K [0x00000006c2000000, 0x00000006c7700000, 0x000000076b580000)
  object space 89088K, 6% used [0x00000006c2000000,0x00000006c25d80c0,0x00000006c7700000)
 Metaspace       used 30598K, capacity 32644K, committed 32768K, reserved 1077248K
  class space    used 3972K, capacity 4336K, committed 4352K, reserved 1048576K
}
Event: 6.396 GC heap before
{Heap before GC invocations=7 (full 1):
 PSYoungGen      total 136704K, used 60285K [0x000000076b580000, 0x0000000778380000, 0x00000007c0000000)
  eden space 125952K, 40% used [0x000000076b580000,0x000000076e726740,0x0000000773080000)
  from space 10752K, 87% used [0x0000000773080000,0x00000007739b8e10,0x0000000773b00000)
  to   space 10752K, 0% used [0x0000000777900000,0x0000000777900000,0x0000000778380000)
 ParOldGen       total 89088K, used 5984K [0x00000006c2000000, 0x00000006c7700000, 0x000000076b580000)
  object space 89088K, 6% used [0x00000006c2000000,0x00000006c25d80c0,0x00000006c7700000)
 Metaspace       used 33257K, capacity 35426K, committed 35456K, reserved 1079296K
  class space    used 4320K, capacity 4709K, committed 4736K, reserved 1048576K
Event: 6.400 GC heap after
Heap after GC invocations=7 (full 1):
 PSYoungGen      total 200704K, used 7519K [0x000000076b580000, 0x0000000779280000, 0x00000007c0000000)
  eden space 189952K, 0% used [0x000000076b580000,0x000000076b580000,0x0000000776f00000)
  from space 10752K, 69% used [0x0000000777900000,0x0000000778057f08,0x0000000778380000)
  to   space 10240K, 0% used [0x0000000776f00000,0x0000000776f00000,0x0000000777900000)
 ParOldGen       total 89088K, used 5992K [0x00000006c2000000, 0x00000006c7700000, 0x000000076b580000)
  object space 89088K, 6% used [0x00000006c2000000,0x00000006c25da0c0,0x00000006c7700000)
 Metaspace       used 33257K, capacity 35426K, committed 35456K, reserved 1079296K
  class space    used 4320K, capacity 4709K, committed 4736K, reserved 1048576K
}
Event: 6.400 GC heap before
{Heap before GC invocations=8 (full 2):
 PSYoungGen      total 200704K, used 7519K [0x000000076b580000, 0x0000000779280000, 0x00000007c0000000)
  eden space 189952K, 0% used [0x000000076b580000,0x000000076b580000,0x0000000776f00000)
  from space 10752K, 69% used [0x0000000777900000,0x0000000778057f08,0x0000000778380000)
  to   space 10240K, 0% used [0x0000000776f00000,0x0000000776f00000,0x0000000777900000)
 ParOldGen       total 89088K, used 5992K [0x00000006c2000000, 0x00000006c7700000, 0x000000076b580000)
  object space 89088K, 6% used [0x00000006c2000000,0x00000006c25da0c0,0x00000006c7700000)
 Metaspace       used 33257K, capacity 35426K, committed 35456K, reserved 1079296K
  class space    used 4320K, capacity 4709K, committed 4736K, reserved 1048576K
Event: 6.454 GC heap after
Heap after GC invocations=8 (full 2):
 PSYoungGen      total 200704K, used 0K [0x000000076b580000, 0x0000000779280000, 0x00000007c0000000)
  eden space 189952K, 0% used [0x000000076b580000,0x000000076b580000,0x0000000776f00000)
  from space 10752K, 0% used [0x0000000777900000,0x0000000777900000,0x0000000778380000)
  to   space 10240K, 0% used [0x0000000776f00000,0x0000000776f00000,0x0000000777900000)
 ParOldGen       total 131072K, used 12587K [0x00000006c2000000, 0x00000006ca000000, 0x000000076b580000)
  object space 131072K, 9% used [0x00000006c2000000,0x00000006c2c4af28,0x00000006ca000000)
 Metaspace       used 33257K, capacity 35426K, committed 35456K, reserved 1079296K
  class space    used 4320K, capacity 4709K, committed 4736K, reserved 1048576K
}

Deoptimization events (10 events):
Event: 7.071 Thread 0x00000000037cc000 Uncommon trap: reason=null_check action=make_not_entrant pc=0x00000000044458e4 method=java.lang.Class.isAnnotation()Z @ 1
Event: 7.105 Thread 0x00000000037cc000 Uncommon trap: reason=class_check action=maybe_recompile pc=0x000000000427c4a0 method=java.lang.reflect.Array.newInstance(Ljava/lang/Class;I)Ljava/lang/Object; @ 2
Event: 7.106 Thread 0x00000000037cc000 Uncommon trap: reason=class_check action=maybe_recompile pc=0x0000000003f65418 method=org.springframework.boot.context.properties.source.ConfigurationPropertyName$Elements.charAt(II)C @ 43
Event: 7.107 Thread 0x00000000037cc000 Uncommon trap: reason=class_check action=maybe_recompile pc=0x0000000003f65418 method=org.springframework.boot.context.properties.source.ConfigurationPropertyName$Elements.charAt(II)C @ 43
Event: 7.107 Thread 0x00000000037cc000 Uncommon trap: reason=class_check action=maybe_recompile pc=0x0000000003f65418 method=org.springframework.boot.context.properties.source.ConfigurationPropertyName$Elements.charAt(II)C @ 43
Event: 7.107 Thread 0x00000000037cc000 Uncommon trap: reason=class_check action=maybe_recompile pc=0x0000000003f65418 method=org.springframework.boot.context.properties.source.ConfigurationPropertyName$Elements.charAt(II)C @ 43
Event: 7.179 Thread 0x00000000037cc000 Uncommon trap: reason=class_check action=maybe_recompile pc=0x000000000427c4a0 method=java.lang.reflect.Array.newInstance(Ljava/lang/Class;I)Ljava/lang/Object; @ 2
Event: 7.180 Thread 0x00000000037cc000 Uncommon trap: reason=class_check action=maybe_recompile pc=0x000000000427c4a0 method=java.lang.reflect.Array.newInstance(Ljava/lang/Class;I)Ljava/lang/Object; @ 2
Event: 7.180 Thread 0x00000000037cc000 Uncommon trap: reason=class_check action=maybe_recompile pc=0x000000000427c4a0 method=java.lang.reflect.Array.newInstance(Ljava/lang/Class;I)Ljava/lang/Object; @ 2
Event: 7.304 Thread 0x00000000037cc000 Uncommon trap: reason=unstable_if action=reinterpret pc=0x00000000045f9504 method=java.lang.Class.searchMethods([Ljava/lang/reflect/Method;Ljava/lang/String;[Ljava/lang/Class;)Ljava/lang/reflect/Method; @ 47

Classes redefined (0 events):
No events

Internal exceptions (10 events):
Event: 7.175 Thread 0x00000000037cc000 Exception <a 'java/lang/ClassNotFoundException': com/alibaba/druid/proxy/jdbc/DataSourceProxyCustomizer> (0x0000000770de98e8) thrown at [C:\re\workspace\8-2-build-windows-amd64-cygwin\jdk8u221\13320\hotspot\src\share\vm\classfile\systemDictionary.cpp, lin
Event: 7.175 Thread 0x00000000037cc000 Exception <a 'java/lang/ClassNotFoundException': java/sql/WrapperCustomizer> (0x0000000770e04e48) thrown at [C:\re\workspace\8-2-build-windows-amd64-cygwin\jdk8u221\13320\hotspot\src\share\vm\classfile\systemDictionary.cpp, line 210]
Event: 7.322 Thread 0x00000000037cc000 Exception <a 'java/lang/NoSuchMethodError': org.slf4j.impl.StaticMarkerBinder.getSingleton()Lorg/slf4j/impl/StaticMarkerBinder;> (0x0000000771d4ee38) thrown at [C:\re\workspace\8-2-build-windows-amd64-cygwin\jdk8u221\13320\hotspot\src\share\vm\interpreter
Event: 7.445 Thread 0x00000000037cc000 Exception <a 'java/lang/ClassNotFoundException': java/lang/ObjectCustomizer> (0x00000007724a0108) thrown at [C:\re\workspace\8-2-build-windows-amd64-cygwin\jdk8u221\13320\hotspot\src\share\vm\classfile\systemDictionary.cpp, line 210]
Event: 7.446 Thread 0x00000000037cc000 Exception <a 'java/lang/ClassNotFoundException': org/apache/ibatis/session/defaults/DefaultSqlSessionFactoryCustomizer> (0x00000007724dcb58) thrown at [C:\re\workspace\8-2-build-windows-amd64-cygwin\jdk8u221\13320\hotspot\src\share\vm\classfile\systemDict
Event: 7.448 Thread 0x00000000037cc000 Exception <a 'java/lang/ClassNotFoundException': org/apache/ibatis/session/SqlSessionFactoryCustomizer> (0x00000007725158d8) thrown at [C:\re\workspace\8-2-build-windows-amd64-cygwin\jdk8u221\13320\hotspot\src\share\vm\classfile\systemDictionary.cpp, line
Event: 7.502 Thread 0x00000000037cc000 Exception <a 'java/lang/ClassNotFoundException': java/lang/ObjectCustomizer> (0x00000007725f3768) thrown at [C:\re\workspace\8-2-build-windows-amd64-cygwin\jdk8u221\13320\hotspot\src\share\vm\classfile\systemDictionary.cpp, line 210]
Event: 7.504 Thread 0x00000000037cc000 Exception <a 'java/lang/ClassNotFoundException': org/mybatis/spring/SqlSessionTemplateCustomizer> (0x0000000772623818) thrown at [C:\re\workspace\8-2-build-windows-amd64-cygwin\jdk8u221\13320\hotspot\src\share\vm\classfile\systemDictionary.cpp, line 210]
Event: 7.512 Thread 0x00000000037cc000 Exception <a 'java/lang/ClassNotFoundException': org/apache/ibatis/session/SqlSessionCustomizer> (0x0000000772686bd8) thrown at [C:\re\workspace\8-2-build-windows-amd64-cygwin\jdk8u221\13320\hotspot\src\share\vm\classfile\systemDictionary.cpp, line 210]
Event: 7.514 Thread 0x00000000037cc000 Exception <a 'java/lang/ClassNotFoundException': org/springframework/beans/factory/DisposableBeanCustomizer> (0x00000007726d8db8) thrown at [C:\re\workspace\8-2-build-windows-amd64-cygwin\jdk8u221\13320\hotspot\src\share\vm\classfile\systemDictionary.cpp,

Events (10 events):
Event: 7.513 loading class org/springframework/beans/factory/DisposableBeanCustomizer
Event: 7.513 loading class org/springframework/beans/factory/DisposableBeanCustomizer done
Event: 7.514 loading class org/springframework/beans/factory/DisposableBeanCustomizer
Event: 7.514 loading class org/springframework/beans/factory/DisposableBeanCustomizer done
Event: 7.514 loading class org/springframework/beans/factory/DisposableBeanCustomizer
Event: 7.514 loading class org/springframework/beans/factory/DisposableBeanCustomizer done
Event: 7.518 loading class org/apache/ibatis/binding/MapperProxyFactory
Event: 7.518 loading class org/apache/ibatis/binding/MapperProxyFactory done
Event: 7.519 loading class org/apache/ibatis/builder/annotation/MapperAnnotationBuilder
Event: 7.519 loading class org/apache/ibatis/builder/annotation/MapperAnnotationBuilder done


Dynamic libraries:
0x00007ff7a6400000 - 0x00007ff7a6437000 	C:\Program Files\Java\jdk1.8.0_221\bin\java.exe
0x00007ffa9ca70000 - 0x00007ffa9cc68000 	C:\WINDOWS\SYSTEM32\ntdll.dll
0x00007ffa9b720000 - 0x00007ffa9b7df000 	C:\WINDOWS\System32\KERNEL32.DLL
0x00007ffa9a520000 - 0x00007ffa9a7fa000 	C:\WINDOWS\System32\KERNELBASE.dll
0x00007ffa9b910000 - 0x00007ffa9b9be000 	C:\WINDOWS\System32\ADVAPI32.dll
0x00007ffa9b680000 - 0x00007ffa9b71e000 	C:\WINDOWS\System32\msvcrt.dll
0x00007ffa9b110000 - 0x00007ffa9b1ac000 	C:\WINDOWS\System32\sechost.dll
0x00007ffa9b7e0000 - 0x00007ffa9b906000 	C:\WINDOWS\System32\RPCRT4.dll
0x00007ffa9b1f0000 - 0x00007ffa9b38d000 	C:\WINDOWS\System32\USER32.dll
0x00007ffa9a4f0000 - 0x00007ffa9a512000 	C:\WINDOWS\System32\win32u.dll
0x00007ffa9b1c0000 - 0x00007ffa9b1eb000 	C:\WINDOWS\System32\GDI32.dll
0x00007ffa9a900000 - 0x00007ffa9aa10000 	C:\WINDOWS\System32\gdi32full.dll
0x00007ffa9a180000 - 0x00007ffa9a21d000 	C:\WINDOWS\System32\msvcp_win.dll
0x00007ffa9a800000 - 0x00007ffa9a900000 	C:\WINDOWS\System32\ucrtbase.dll
0x00007ffa8c2f0000 - 0x00007ffa8c58a000 	C:\WINDOWS\WinSxS\amd64_microsoft.windows.common-controls_6595b64144ccf1df_6.0.19041.1110_none_60b5254171f9507e\COMCTL32.dll
0x00007ffa9b4c0000 - 0x00007ffa9b4f0000 	C:\WINDOWS\System32\IMM32.DLL
0x0000000073400000 - 0x00000000734d2000 	C:\Program Files\Java\jdk1.8.0_221\jre\bin\msvcr100.dll
0x0000000072b50000 - 0x00000000733f5000 	C:\Program Files\Java\jdk1.8.0_221\jre\bin\server\jvm.dll
0x00007ffa9c4e0000 - 0x00007ffa9c4e8000 	C:\WINDOWS\System32\PSAPI.DLL
0x00007ffa949c0000 - 0x00007ffa949c9000 	C:\WINDOWS\SYSTEM32\WSOCK32.dll
0x00007ffa92310000 - 0x00007ffa92337000 	C:\WINDOWS\SYSTEM32\WINMM.dll
0x00007ffa9c270000 - 0x00007ffa9c2db000 	C:\WINDOWS\System32\WS2_32.dll
0x00007ffa93550000 - 0x00007ffa9355a000 	C:\WINDOWS\SYSTEM32\VERSION.dll
0x00007ffa81950000 - 0x00007ffa8195f000 	C:\Program Files\Java\jdk1.8.0_221\jre\bin\verify.dll
0x00007ffa75a40000 - 0x00007ffa75a69000 	C:\Program Files\Java\jdk1.8.0_221\jre\bin\java.dll
0x00007ffa78380000 - 0x00007ffa783a3000 	C:\Program Files\Java\jdk1.8.0_221\jre\bin\instrument.dll
0x00007ffa77f30000 - 0x00007ffa77f46000 	C:\Program Files\Java\jdk1.8.0_221\jre\bin\zip.dll
0x00007ffa9ba70000 - 0x00007ffa9c1b4000 	C:\WINDOWS\System32\SHELL32.dll
0x00007ffa98260000 - 0x00007ffa989f3000 	C:\WINDOWS\SYSTEM32\windows.storage.dll
0x00007ffa9c5b0000 - 0x00007ffa9c904000 	C:\WINDOWS\System32\combase.dll
0x00007ffa99b00000 - 0x00007ffa99b2e000 	C:\WINDOWS\SYSTEM32\Wldp.dll
0x00007ffa9c1c0000 - 0x00007ffa9c26d000 	C:\WINDOWS\System32\SHCORE.dll
0x00007ffa9b460000 - 0x00007ffa9b4b5000 	C:\WINDOWS\System32\shlwapi.dll
0x00007ffa9a0c0000 - 0x00007ffa9a0df000 	C:\WINDOWS\SYSTEM32\profapi.dll
0x00007ffa7c730000 - 0x00007ffa7c74a000 	D:\duobaoyu\software\IntelliJ IDEA 2021.3.2\bin\breakgen64.dll
0x00007ffa77ce0000 - 0x00007ffa77cfa000 	C:\Program Files\Java\jdk1.8.0_221\jre\bin\net.dll
0x00007ffa8bd10000 - 0x00007ffa8befc000 	C:\WINDOWS\SYSTEM32\urlmon.dll
0x00007ffa8ca70000 - 0x00007ffa8cd21000 	C:\WINDOWS\SYSTEM32\iertutil.dll
0x00007ffa8c180000 - 0x00007ffa8c1a8000 	C:\WINDOWS\SYSTEM32\srvcli.dll
0x00007ffa996b0000 - 0x00007ffa996bc000 	C:\WINDOWS\SYSTEM32\netutils.dll
0x00007ffa99860000 - 0x00007ffa998ca000 	C:\WINDOWS\system32\mswsock.dll
0x00007ffa75970000 - 0x00007ffa75982000 	C:\Program Files\Java\jdk1.8.0_221\jre\bin\nio.dll
0x00007ffa949e0000 - 0x00007ffa949ed000 	C:\Program Files\Java\jdk1.8.0_221\jre\bin\management.dll
0x00007ffa86e50000 - 0x00007ffa86e67000 	C:\WINDOWS\system32\napinsp.dll
0x00007ffa86720000 - 0x00007ffa8673b000 	C:\WINDOWS\system32\pnrpnsp.dll
0x00007ffa94920000 - 0x00007ffa94935000 	C:\WINDOWS\system32\wshbth.dll
0x00007ffa95b10000 - 0x00007ffa95b2d000 	C:\WINDOWS\system32\NLAapi.dll
0x00007ffa99550000 - 0x00007ffa9958c000 	C:\WINDOWS\SYSTEM32\IPHLPAPI.DLL
0x00007ffa99590000 - 0x00007ffa9965b000 	C:\WINDOWS\SYSTEM32\DNSAPI.dll
0x00007ffa9ca20000 - 0x00007ffa9ca28000 	C:\WINDOWS\System32\NSI.dll
0x00007ffa86700000 - 0x00007ffa86712000 	C:\WINDOWS\System32\winrnr.dll
0x00007ffa92740000 - 0x00007ffa9274a000 	C:\Windows\System32\rasadhlp.dll
0x00007ffa924e0000 - 0x00007ffa92560000 	C:\WINDOWS\System32\fwpuclnt.dll
0x00007ffa9aaa0000 - 0x00007ffa9aac7000 	C:\WINDOWS\System32\bcrypt.dll

VM Arguments:
jvm_args: -ea -Didea.test.cyclic.buffer.size=1048576 -javaagent:D:\duobaoyu\software\IntelliJ IDEA 2021.3.2\lib\idea_rt.jar=54413:D:\duobaoyu\software\IntelliJ IDEA 2021.3.2\bin -Dfile.encoding=UTF-8 
java_command: com.intellij.rt.junit.JUnitStarter -ideVersion5 -junit5 com.wang.couponapp.CouponAppApplicationTests,testRedistemplate
java_class_path (initial): C:\Users\001\.m2\repository\org\junit\platform\junit-platform-launcher\1.8.2\junit-platform-launcher-1.8.2.jar;C:\Users\001\.m2\repository\org\junit\platform\junit-platform-engine\1.8.2\junit-platform-engine-1.8.2.jar;C:\Users\001\.m2\repository\org\opentest4j\opentest4j\1.2.0\opentest4j-1.2.0.jar;C:\Users\001\.m2\repository\org\junit\platform\junit-platform-commons\1.8.2\junit-platform-commons-1.8.2.jar;C:\Users\001\.m2\repository\org\apiguardian\apiguardian-api\1.1.2\apiguardian-api-1.1.2.jar;D:\duobaoyu\software\IntelliJ IDEA 2021.3.2\lib\idea_rt.jar;D:\duobaoyu\software\IntelliJ IDEA 2021.3.2\plugins\junit\lib\junit5-rt.jar;D:\duobaoyu\software\IntelliJ IDEA 2021.3.2\plugins\junit\lib\junit-rt.jar;C:\Program Files\Java\jdk1.8.0_221\jre\lib\charsets.jar;C:\Program Files\Java\jdk1.8.0_221\jre\lib\deploy.jar;C:\Program Files\Java\jdk1.8.0_221\jre\lib\ext\access-bridge-64.jar;C:\Program Files\Java\jdk1.8.0_221\jre\lib\ext\cldrdata.jar;C:\Program Files\Java\jdk1.8.0_221\jre\lib\ext\dnsns.jar;C:\Program Files\Java\jdk1.8.0_221\jre\lib\ext\jaccess.jar;C:\Program Files\Java\jdk1.8.0_221\jre\lib\ext\jfxrt.jar;C:\Program Files\Java\jdk1.8.0_221\jre\lib\ext\localedata.jar;C:\Program Files\Java\jdk1.8.0_221\jre\lib\ext\nashorn.jar;C:\Program Files\Java\jdk1.8.0_221\jre\lib\ext\sunec.jar;C:\Program Files\Java\jdk1.8.0_221\jre\lib\ext\sunjce_provider.jar;C:\Program Files\Java\jdk1.8.0_221\jre\lib\ext\sunmscapi.jar;C:\Program Files\Java\jdk1.8.0_221\jre\lib\ext\sunpkcs11.jar;C:\Program Files\Java\jdk1.8.0_221\jre\lib\ext\zipfs.jar;C:\Program Files\Java\jdk1.8.0_221\jre\lib\javaws.jar;C:\Program Files\Java\jdk1.8.0_221\jre\lib\jce.jar;C:\Program Files\Java\jdk1.8.0_221\jre\lib\jfr.jar;C:\Program Files\Java\jdk1.8.0_221\jre\lib\jfxswt.jar;C:\Program Files\Java\jdk1.8.0_221\jre\lib\jsse.jar;C:\Program Files\Java\jdk1.8.0_221\jre\lib\management-agent.jar;C:\Program Files\Java\jdk1.8.0_221\jre\lib\plugin.jar;C:\Program Files\Java\jdk1.8.0_221\jre\lib\re
Launcher Type: SUN_STANDARD

Environment Variables:
JAVA_HOME=C:\Program Files\Java\jdk1.8.0_221
PATH=C:\Windows\system32;C:\Windows;C:\Windows\System32\Wbem;C:\Windows\System32\WindowsPowerShell\v1.0\;C:\Windows\System32\OpenSSH\;C:\Program Files (x86)\NVIDIA Corporation\PhysX\Common;C:\Program Files\NVIDIA Corporation\NVIDIA NvDLISR;C:\Program Files\Git\cmd;C:\WINDOWS\system32;C:\WINDOWS;C:\WINDOWS\System32\Wbem;C:\WINDOWS\System32\WindowsPowerShell\v1.0\;C:\WINDOWS\System32\OpenSSH\;D:\Doc\node-v14.19.0-win-x64\;D:\微信web开发者工具\dll;D:\duobaoyu\tools\apache-maven-3.6.3\bin;D:\duobaoyu\software\node-install\;%MYSQL_HOME%\bin;C:\Program Files\Redis\;C:\Program Files\Java\jdk1.8.0_221\bin;;D:\duobaoyu\software\微信web开发者工具\dll;C:\Users\001\AppData\Local\Microsoft\WindowsApps;D:\Doc\node-v14.19.0-win-x64\node_global;;D:\Microsoft VS Code\bin;C:\Users\001\AppData\Roaming\npm
USERNAME=001
OS=Windows_NT
PROCESSOR_IDENTIFIER=Intel64 Family 6 Model 165 Stepping 3, GenuineIntel



---------------  S Y S T E M  ---------------

OS: Windows 10.0 , 64 bit Build 19041 (10.0.19041.2788)

CPU:total 12 (initial active 12) (6 cores per cpu, 2 threads per core) family 6 model 165 stepping 3, cmov, cx8, fxsr, mmx, sse, sse2, sse3, ssse3, sse4.1, sse4.2, popcnt, avx, avx2, aes, clmul, erms, 3dnowpref, lzcnt, ht, tsc, tscinvbit, bmi1, bmi2, adx

Memory: 4k page, physical 16639916k(1537020k free), swap 36227500k(5592k free)

vm_info: Java HotSpot(TM) 64-Bit Server VM (25.221-b11) for windows-amd64 JRE (1.8.0_221-b11), built on Jul  4 2019 04:39:29 by "java_re" with MS VC++ 10.0 (VS2010)

time: Wed Apr 26 18:00:41 2023
timezone: 中国标准时间
elapsed time: 7 seconds (0d 0h 0m 7s)

